2021-11-12 13:08:23,240 INFO  [Default Executor-thread-10][com.twca.twid.gw.GwWebAppInitializer] # initialize log4j2 = file:/usr/IBM/WebSphere/wlp/usr/servers/idgw/resources/security/TWCA/data/idgw/log4j2.xml
2021-11-12 13:08:24,087 INFO  [Default Executor-thread-10][com.twca.twid.gw.GwConfig] # system.property.twid.data.path = /usr/IBM/WebSphere/wlp/usr/servers/idgw/resources/security/TWCA/data
2021-11-12 13:08:24,088 INFO  [Default Executor-thread-10][com.twca.twid.gw.GwConfig] # basedir = /usr/IBM/WebSphere/wlp/usr/servers/idgw/resources/security/TWCA/data, exists = true
2021-11-12 13:08:24,088 INFO  [Default Executor-thread-10][com.twca.twid.gw.GwConfig] # load /idgw/setup.properties = /usr/IBM/WebSphere/wlp/usr/servers/idgw/resources/security/TWCA/data/idgw/setup.properties
2021-11-12 13:08:24,088 INFO  [Default Executor-thread-10][com.twca.twid.gw.GwConfig] # load /cert/setup.properties = /usr/IBM/WebSphere/wlp/usr/servers/idgw/resources/security/TWCA/data/cert/setup.properties
2021-11-12 13:08:24,140 INFO  [Default Executor-thread-10][com.twca.twid.gw.GwConfig] # contextPath = /idgw, GW.VERSION = 21.3.0.0
2021-11-12 13:08:24,169 INFO  [Default Executor-thread-10][com.twca.twid.gw.api.GwService] # module = rakuten_gw_1_10.138.101.51, account = 83794245-001, mode = uat, GwCrypto.Implementation.Vendor = twidgw
2021-11-12 13:08:24,191 INFO  [Default Executor-thread-10][com.twca.twid.gw.service.SignerService] # init pfx, prefix=83794245-01-TWID, path=/usr/IBM/WebSphere/wlp/usr/servers/idgw/resources/security/TWCA/data/cert/83794245-01-TWID.pfx
2021-11-12 13:08:24,192 DEBUG [Default Executor-thread-10][com.twca.twid.gw.service.SignerService] # pfx.path = /usr/IBM/WebSphere/wlp/usr/servers/idgw/resources/security/TWCA/data/cert/83794245-01-TWID.pfx, pfx.prefix = 83794245-01-TWID
2021-11-12 13:08:24,192 INFO  [Default Executor-thread-10][com.twca.twid.gw.service.SignerService] # dir = /usr/IBM/WebSphere/wlp/usr/servers/idgw/resources/security/TWCA/data/cert, prefix = 83794245-01-TWID
2021-11-12 13:08:24,193 INFO  [Default Executor-thread-10][com.twca.twid.gw.service.SignerService] # load pfx = 83794245-01-TWID.pfx
2021-11-12 13:08:24,226 INFO  [Default Executor-thread-10][com.twca.twid.gw.service.SignerService] # pfx.aliases = [ks]
2021-11-12 13:08:24,250 DEBUG [Default Executor-thread-10][com.twca.twid.gw.signer.P12Signer] # signer = 1600879917, 2022-10-07T23:59:59.000+0800, CN=83794245-01-TWID, OU=FXML, OU=70759028-TAIWAN-CA.COM Inc., OU=TWCA Test Information User CA, O=Finance, C=TW
2021-11-12 13:08:24,289 INFO  [Default Executor-thread-10][com.twca.twid.gw.service.SignerService] # reload cert.subject = CN=83794245-01-TWID, OU=FXML, OU=70759028-TAIWAN-CA.COM Inc., OU=TWCA Test Information User CA, O=Finance, C=TW, cert.nta = 2022-10-07T23:59:59.000+0800 / P10M25D
2021-11-12 13:08:24,409 INFO  [Default Executor-thread-10][com.twca.twid.gw.api.edda.EddaService] # als.edda.service is disabled
2021-11-12 13:08:24,437 INFO  [Default Executor-thread-10][com.twca.twid.gw.api.mid.MidService] # init midgw = 3.4.0.0, codePrefix = 364
2021-11-12 13:08:24,440 INFO  [Default Executor-thread-10][com.twca.twid.gw.api.mid.MidService] # baseurl = https://midtest.twca.com.tw/midServer/v1/, account = 83794245-001, nThreads = 20
2021-11-12 13:08:24,468 INFO  [Default Executor-thread-10][com.twca.twid.gw.api.va.VaService] # cloudss.service is disabled
2021-11-12 13:08:24,481 INFO  [Default Executor-thread-10][com.twca.twid.gw.api.kiosk.KioskService] # kiosk.service is disabled
2021-11-12 13:08:24,497 INFO  [Default Executor-thread-10][com.twca.twid.gw.api.post.PostService] # post.service is disabled
2021-11-12 13:08:24,529 INFO  [Default Executor-thread-10][com.twca.twid.gw.api.nexus.NexusService] # initNexus, nexusurl=https://testca256.twca.com.tw/NCWebRa3/, nexusca=EFCD839B3216B87DAE6D0D721A831AEA
2021-11-12 13:08:24,906 INFO  [Default Executor-thread-10][com.twca.twid.gw.api.otp.OtpService] # otp.service is disabled
2021-11-12 13:08:25,100 DEBUG [Default Executor-thread-10][com.twca.twid.gw.config.MvcConfig] # mapping: {POST [/kiosk/v1/qrcode.json], consumes [application/json], produces [application/json]}=com.twca.twid.gw.api.kiosk.KioskController#qrcodeJson(KioskPayloadQrcodeReq)
2021-11-12 13:08:25,100 DEBUG [Default Executor-thread-10][com.twca.twid.gw.config.MvcConfig] # mapping: {POST [/edda/v1/d205t919.json], produces [application/json]}=com.twca.twid.gw.api.edda.D205MidController#d20506t_919(D205TReq)
2021-11-12 13:08:25,100 DEBUG [Default Executor-thread-10][com.twca.twid.gw.config.MvcConfig] # mapping: {POST [/postac/v1/postquery.json], produces [application/json]}=com.twca.twid.gw.api.post.check.PostCheckController#postquery(PostPayloadQueryReq)
2021-11-12 13:08:25,100 DEBUG [Default Executor-thread-10][com.twca.twid.gw.config.MvcConfig] # mapping: {POST [/va/v1/verify.json], produces [application/json]}=com.twca.twid.gw.api.va.VaController#verify(String, String, String, String, VaReq)
2021-11-12 13:08:25,100 DEBUG [Default Executor-thread-10][com.twca.twid.gw.config.MvcConfig] # mapping: {POST [/mid/v1/report.json], consumes [application/json], produces [application/json]}=com.twca.twid.gw.api.mid.AuthController#reportjson(MidPayloadReportReq)
2021-11-12 13:08:25,100 DEBUG [Default Executor-thread-10][com.twca.twid.gw.config.MvcConfig] # mapping: {POST [/kiosk/v1/query.json], consumes [application/json], produces [application/json]}=com.twca.twid.gw.api.kiosk.KioskController#queryKioskJson(KioskPayloadQueryReq)
2021-11-12 13:08:25,100 DEBUG [Default Executor-thread-10][com.twca.twid.gw.config.MvcConfig] # mapping: {POST [/otp/v1/otp.json], consumes [application/json], produces [application/json]}=com.twca.twid.gw.api.otp.OtpController#otpjson(OtpPayloadReq)
2021-11-12 13:08:25,100 DEBUG [Default Executor-thread-10][com.twca.twid.gw.config.MvcConfig] # mapping: {POST [/mid/v1/sign.json], consumes [application/json], produces [application/json]}=com.twca.twid.gw.api.mid.SignController#signjson(MidPayloadSignReq)
2021-11-12 13:08:25,100 DEBUG [Default Executor-thread-10][com.twca.twid.gw.config.MvcConfig] # mapping: {GET [/initmsg.json]}=com.twca.twid.gw.api.GwController#initmsg()
2021-11-12 13:08:25,100 DEBUG [Default Executor-thread-10][com.twca.twid.gw.config.MvcConfig] # mapping: {POST [/mid/v1/validate.json], consumes [application/json], produces [application/json]}=com.twca.twid.gw.api.mid.AuthController#validatejson(MidPayloadValidateReq)
2021-11-12 13:08:25,100 DEBUG [Default Executor-thread-10][com.twca.twid.gw.config.MvcConfig] # mapping: {POST [/postac/v1/card.json], produces [application/json]}=com.twca.twid.gw.api.post.PostController#card(PostPayloadCheckReq)
2021-11-12 13:08:25,100 DEBUG [Default Executor-thread-10][com.twca.twid.gw.config.MvcConfig] # mapping: {POST [/mid/v1/{accid}/report.json], produces [application/json]}=com.twca.twid.gw.api.mid.AuthController#accReport(String, MidPayloadReportReq)
2021-11-12 13:08:25,101 DEBUG [Default Executor-thread-10][com.twca.twid.gw.config.MvcConfig] # mapping: { [/swagger-resources/configuration/ui]}=springfox.documentation.swagger.web.ApiResourceController#uiConfiguration()
2021-11-12 13:08:25,101 DEBUG [Default Executor-thread-10][com.twca.twid.gw.config.MvcConfig] # mapping: {POST [/edda/v1/d205t.json], produces [application/json]}=com.twca.twid.gw.api.edda.D205MidController#d20506t(String, String)
2021-11-12 13:08:25,101 DEBUG [Default Executor-thread-10][com.twca.twid.gw.config.MvcConfig] # mapping: {POST [/edda/v1/d205t923.json], produces [application/json]}=com.twca.twid.gw.api.edda.D205MidController#d20506t_923(D205TReq)
2021-11-12 13:08:25,101 DEBUG [Default Executor-thread-10][com.twca.twid.gw.config.MvcConfig] # mapping: {POST [/postac/v1/validate.json], produces [application/json]}=com.twca.twid.gw.api.post.PostController#validate(PostPayloadCheckReq)
2021-11-12 13:08:25,101 DEBUG [Default Executor-thread-10][com.twca.twid.gw.config.MvcConfig] # mapping: {POST [/edda/v1/ReplyCode.json], produces [application/json]}=com.twca.twid.gw.api.edda.HttpMethodController#replycode()
2021-11-12 13:08:25,101 DEBUG [Default Executor-thread-10][com.twca.twid.gw.config.MvcConfig] # mapping: {POST [/postac/v1/query.json], consumes [application/json], produces [application/json]}=com.twca.twid.gw.api.post.PostController#queryPostJson(PostPayloadQueryReq)
2021-11-12 13:08:25,101 DEBUG [Default Executor-thread-10][com.twca.twid.gw.config.MvcConfig] # mapping: {POST [/va/v1/verifyId.json], produces [application/json]}=com.twca.twid.gw.api.va.VaController#verifyId(String, String, VaReq)
2021-11-12 13:08:25,101 DEBUG [Default Executor-thread-10][com.twca.twid.gw.config.MvcConfig] # mapping: {POST [/postac/v1/check.json], produces [application/json]}=com.twca.twid.gw.api.post.PostController#check(PostPayloadCheckReq)
2021-11-12 13:08:25,101 DEBUG [Default Executor-thread-10][com.twca.twid.gw.config.MvcConfig] # mapping: {POST [/edda/v1/ApplyTxWithCardC905.json], produces [application/json]}=com.twca.twid.gw.api.edda.D205Controller#d20506_905(D205SReq)
2021-11-12 13:08:25,101 DEBUG [Default Executor-thread-10][com.twca.twid.gw.config.MvcConfig] # mapping: {POST [/otp/v1/otp.json], produces [application/json]}=com.twca.twid.gw.api.otp.OtpController#otp(OtpPayloadReq)
2021-11-12 13:08:25,101 DEBUG [Default Executor-thread-10][com.twca.twid.gw.config.MvcConfig] # mapping: {POST [/va/v1/verifySignature.json], produces [application/json]}=com.twca.twid.gw.api.va.VaController#verifySignature(String, VaReq)
2021-11-12 13:08:25,101 DEBUG [Default Executor-thread-10][com.twca.twid.gw.config.MvcConfig] # mapping: {GET [/version.json]}=com.twca.twid.gw.api.GwController#version()
2021-11-12 13:08:25,101 DEBUG [Default Executor-thread-10][com.twca.twid.gw.config.MvcConfig] # mapping: {POST [/syncCert.json]}=com.twca.twid.gw.api.nexus.CertController#syncCert(String)
2021-11-12 13:08:25,101 DEBUG [Default Executor-thread-10][com.twca.twid.gw.config.MvcConfig] # mapping: {POST [/postac/v1/clause.json], produces [application/json]}=com.twca.twid.gw.api.post.PostController#clausePost(MsgPayloadClauseReq)
2021-11-12 13:08:25,101 DEBUG [Default Executor-thread-10][com.twca.twid.gw.config.MvcConfig] # mapping: {POST [/postac/v1/postcheck.json], produces [application/json]}=com.twca.twid.gw.api.post.check.PostCheckController#postcheck(PostPayloadCheckReq)
2021-11-12 13:08:25,101 DEBUG [Default Executor-thread-10][com.twca.twid.gw.config.MvcConfig] # mapping: {POST [/kiosk/v1/clause.json], produces [application/json]}=com.twca.twid.gw.api.kiosk.KioskController#clauseKiosk(MsgPayloadClauseReq)
2021-11-12 13:08:25,101 DEBUG [Default Executor-thread-10][com.twca.twid.gw.config.MvcConfig] # mapping: {POST [/edda/v1/ApplyTxWithCardC9xx.json], produces [application/json]}=com.twca.twid.gw.api.edda.D205Controller#d20506_9xx(D205SReq)
2021-11-12 13:08:25,101 DEBUG [Default Executor-thread-10][com.twca.twid.gw.config.MvcConfig] # mapping: { [/swagger-resources]}=springfox.documentation.swagger.web.ApiResourceController#swaggerResources()
2021-11-12 13:08:25,101 DEBUG [Default Executor-thread-10][com.twca.twid.gw.config.MvcConfig] # mapping: {POST [/kiosk/v1/query.json], produces [application/json]}=com.twca.twid.gw.api.kiosk.KioskController#queryKiosk(KioskPayloadQueryReq)
2021-11-12 13:08:25,101 DEBUG [Default Executor-thread-10][com.twca.twid.gw.config.MvcConfig] # mapping: {POST [/kiosk/v1/qrcode.json], produces [application/json]}=com.twca.twid.gw.api.kiosk.KioskController#qrcode(KioskPayloadQrcodeReq)
2021-11-12 13:08:25,101 DEBUG [Default Executor-thread-10][com.twca.twid.gw.config.MvcConfig] # mapping: {POST [/va/v1/verifySign.json], produces [application/json]}=com.twca.twid.gw.api.va.VaController#verifySign(String, String, VaReq)
2021-11-12 13:08:25,101 DEBUG [Default Executor-thread-10][com.twca.twid.gw.config.MvcConfig] # mapping: {POST [/edda/v1/ApplyTxWithCardCAD.json], produces [application/json]}=com.twca.twid.gw.api.edda.D205Controller#d20506_cad(D205Req)
2021-11-12 13:08:25,101 DEBUG [Default Executor-thread-10][com.twca.twid.gw.config.MvcConfig] # mapping: {POST [/edda/v1/VerifyTxNonCardCAD.json], produces [application/json]}=com.twca.twid.gw.api.edda.D207Controller#d20708_919(D207Req)
2021-11-12 13:08:25,101 DEBUG [Default Executor-thread-10][com.twca.twid.gw.config.MvcConfig] # mapping: {POST [/mid/v1/validate.json], produces [application/json]}=com.twca.twid.gw.api.mid.AuthController#validate(MidPayloadValidateReq)
2021-11-12 13:08:25,101 DEBUG [Default Executor-thread-10][com.twca.twid.gw.config.MvcConfig] # mapping: {POST [/mid/v1/{accid}/auth.json], produces [application/json]}=com.twca.twid.gw.api.mid.AuthController#accAuth(String, MidPayloadAuthReq)
2021-11-12 13:08:25,101 DEBUG [Default Executor-thread-10][com.twca.twid.gw.config.MvcConfig] # mapping: {POST [/mid/v1/{accid}/sign.json], produces [application/json]}=com.twca.twid.gw.api.mid.SignController#accSign(String, MidPayloadSignReq)
2021-11-12 13:08:25,101 DEBUG [Default Executor-thread-10][com.twca.twid.gw.config.MvcConfig] # mapping: {POST [/edda/v1/ApplyTxWithCardC901.json], produces [application/json]}=com.twca.twid.gw.api.edda.D205Controller#d20506_901(D205SReq)
2021-11-12 13:08:25,101 DEBUG [Default Executor-thread-10][com.twca.twid.gw.config.MvcConfig] # mapping: {POST [/mid/v1/report.json], produces [application/json]}=com.twca.twid.gw.api.mid.AuthController#report(MidPayloadReportReq)
2021-11-12 13:08:25,101 DEBUG [Default Executor-thread-10][com.twca.twid.gw.config.MvcConfig] # mapping: {POST [/edda/v1/TxList.json], produces [application/json]}=com.twca.twid.gw.api.edda.HttpMethodController#txlist(String)
2021-11-12 13:08:25,102 DEBUG [Default Executor-thread-10][com.twca.twid.gw.config.MvcConfig] # mapping: {POST [/mid/v1/sign.json], produces [application/json]}=com.twca.twid.gw.api.mid.SignController#sign(MidPayloadSignReq)
2021-11-12 13:08:25,102 DEBUG [Default Executor-thread-10][com.twca.twid.gw.config.MvcConfig] # mapping: {POST [/mid/v1/clause.json], produces [application/json]}=com.twca.twid.gw.api.mid.QueryController#clause(MsgPayloadClauseReq)
2021-11-12 13:08:25,102 DEBUG [Default Executor-thread-10][com.twca.twid.gw.config.MvcConfig] # mapping: {POST [/edda/v1/NCTxList.json], produces [application/json]}=com.twca.twid.gw.api.edda.HttpMethodController#nctxlist()
2021-11-12 13:08:25,102 DEBUG [Default Executor-thread-10][com.twca.twid.gw.config.MvcConfig] # mapping: {POST [/mid/v1/auth.json], produces [application/json]}=com.twca.twid.gw.api.mid.AuthController#auth(MidPayloadAuthReq)
2021-11-12 13:08:25,102 DEBUG [Default Executor-thread-10][com.twca.twid.gw.config.MvcConfig] # mapping: {POST [/mid/v1/auth.json], consumes [application/json], produces [application/json]}=com.twca.twid.gw.api.mid.AuthController#authjson(MidPayloadAuthReq)
2021-11-12 13:08:25,102 DEBUG [Default Executor-thread-10][com.twca.twid.gw.config.MvcConfig] # mapping: {POST [/postac/v1/check.json], consumes [application/json], produces [application/json]}=com.twca.twid.gw.api.post.PostController#checkjson(PostPayloadCheckReq)
2021-11-12 13:08:25,102 DEBUG [Default Executor-thread-10][com.twca.twid.gw.config.MvcConfig] # mapping: {POST [/edda/v1/VerifyTxNonCardCI691.json || /edda/v1/d207i691.json], produces [application/json]}=com.twca.twid.gw.api.edda.D207Controller#d20708_691(D207I691Req)
2021-11-12 13:08:25,102 DEBUG [Default Executor-thread-10][com.twca.twid.gw.config.MvcConfig] # mapping: {POST [/mid/v1/{accid}/validate.json], produces [application/json]}=com.twca.twid.gw.api.mid.AuthController#accValidate(String, MidPayloadValidateReq)
2021-11-12 13:08:25,102 DEBUG [Default Executor-thread-10][com.twca.twid.gw.config.MvcConfig] # mapping: {POST [/edda/v1/ApplyTxWithCardC923.json], produces [application/json]}=com.twca.twid.gw.api.edda.D205Controller#d20506_923(D205SReq)
2021-11-12 13:08:25,102 DEBUG [Default Executor-thread-10][com.twca.twid.gw.config.MvcConfig] # mapping: {POST [/postac/v1/card.json], consumes [application/json], produces [application/json]}=com.twca.twid.gw.api.post.PostController#cardjson(PostPayloadCheckReq)
2021-11-12 13:08:25,102 DEBUG [Default Executor-thread-10][com.twca.twid.gw.config.MvcConfig] # mapping: {GET [/listCodes.json]}=com.twca.twid.gw.api.GwController#listCodes()
2021-11-12 13:08:25,102 DEBUG [Default Executor-thread-10][com.twca.twid.gw.config.MvcConfig] # mapping: {POST [/edda/v1/BGBankList.json], produces [application/json]}=com.twca.twid.gw.api.edda.HttpMethodController#bgbanklist()
2021-11-12 13:08:25,102 DEBUG [Default Executor-thread-10][com.twca.twid.gw.config.MvcConfig] # mapping: {POST [/edda/v1/ApplyTxWithCardC919.json || /edda/v1/d205s919.json], produces [application/json]}=com.twca.twid.gw.api.edda.D205Controller#d20506_919(D205SReq)
2021-11-12 13:08:25,102 DEBUG [Default Executor-thread-10][com.twca.twid.gw.config.MvcConfig] # mapping: {POST [/va/v1/verifyIs.json], produces [application/json]}=com.twca.twid.gw.api.va.VaController#verifyIs(String, String, String, String, VaReq)
2021-11-12 13:08:25,102 DEBUG [Default Executor-thread-10][com.twca.twid.gw.config.MvcConfig] # mapping: { [/swagger-resources/configuration/security]}=springfox.documentation.swagger.web.ApiResourceController#securityConfiguration()
2021-11-12 13:08:25,102 DEBUG [Default Executor-thread-10][com.twca.twid.gw.config.MvcConfig] # mapping: {POST [/mid/v1/{accid}/query.json], produces [application/json]}=com.twca.twid.gw.api.mid.QueryController#accQuery(String, String)
2021-11-12 13:08:25,102 DEBUG [Default Executor-thread-10][com.twca.twid.gw.config.MvcConfig] # mapping: {POST [/postac/v1/validate.json], consumes [application/json], produces [application/json]}=com.twca.twid.gw.api.post.PostController#validatejson(PostPayloadCheckReq)
2021-11-12 13:08:25,102 DEBUG [Default Executor-thread-10][com.twca.twid.gw.config.MvcConfig] # mapping: {POST [/mid/v1/maintain.json], produces [application/json]}=com.twca.twid.gw.api.mid.QueryController#maintain()
2021-11-12 13:08:25,102 DEBUG [Default Executor-thread-10][com.twca.twid.gw.config.MvcConfig] # mapping: {POST [/va/v1/verifyfile.json], produces [application/json]}=com.twca.twid.gw.api.va.VaController#verifyfile(MultipartFile, String, String, String, String, String, String, String, String)
2021-11-12 13:08:25,102 DEBUG [Default Executor-thread-10][com.twca.twid.gw.config.MvcConfig] # mapping: {POST [/edda/v1/un.json], produces [application/json]}=com.twca.twid.gw.api.edda.D205Controller#un(String)
2021-11-12 13:08:25,102 DEBUG [Default Executor-thread-10][com.twca.twid.gw.config.MvcConfig] # mapping: {POST [/edda/v1/ApplyTxWithCardCI691.json || /edda/v1/d205i691.json], produces [application/json]}=com.twca.twid.gw.api.edda.D205Controller#d20506_691(D205I691Req)
2021-11-12 13:08:25,102 DEBUG [Default Executor-thread-10][com.twca.twid.gw.config.MvcConfig] # mapping: {POST [/mid/v1/query.json], produces [application/json]}=com.twca.twid.gw.api.mid.QueryController#query(String)
2021-11-12 13:08:25,102 DEBUG [Default Executor-thread-10][com.twca.twid.gw.config.MvcConfig] # mapping: {POST [/postac/v1/query.json], produces [application/json]}=com.twca.twid.gw.api.post.PostController#queryPost(PostPayloadQueryReq)
2021-11-12 13:08:25,102 DEBUG [Default Executor-thread-10][com.twca.twid.gw.config.MvcConfig] # mapping: {GET [/syncCert.json]}=com.twca.twid.gw.api.nexus.CertController#syncCert()
2021-11-12 13:08:25,102 DEBUG [Default Executor-thread-10][com.twca.twid.gw.config.MvcConfig] # mapping: {POST [/va/v1/verifyCert.json], produces [application/json]}=com.twca.twid.gw.api.va.VaController#verifyCert(String, VaReq)
2021-11-12 13:08:25,102 DEBUG [Default Executor-thread-10][com.twca.twid.gw.config.MvcConfig] # mapping: {POST [/edda/v1/ApplyTxWithCardC920.json], produces [application/json]}=com.twca.twid.gw.api.edda.D205Controller#d20506_920(D205SReq)
2021-11-12 13:08:25,102 DEBUG [Default Executor-thread-10][com.twca.twid.gw.config.MvcConfig] # mapping: {POST [/edda/v1/QryTxStatusC203.json || /edda/v1/d203.json], produces [application/json]}=com.twca.twid.gw.api.edda.D203Controller#d20304(D203Req)
2021-11-12 13:08:26,290 WARN  [pool-3-thread-1][com.twca.twid.gw.api.ApiServiceBase] # mid, connect to https://midtest.twca.com.tw/midServer/v1/ fail, ex=javax.net.ssl.SSLHandshakeException: java.security.cert.CertificateException: PKIXCertPathBuilderImpl could not build a valid CertPath.
2021-11-12 13:08:26,296 DEBUG [pool-3-thread-1][com.twca.twid.gw.signer.P12Signer] # signer = 1600879917, 2022-10-07T23:59:59.000+0800, CN=83794245-01-TWID, OU=FXML, OU=70759028-TAIWAN-CA.COM Inc., OU=TWCA Test Information User CA, O=Finance, C=TW
2021-11-12 13:08:26,304 INFO  [pool-3-thread-1][com.twca.twid.gw.api.mid.MidService] # init midClient = com.twca.twid.gw.client.mid.MidClient@2b5613ac
2021-11-12 15:56:07,314 INFO  [Default Executor-thread-6990][com.twca.twid.gw.client.ApiClient] # restTemplate.okHttp3ClientHttpRequestFactory.destroy start
2021-11-12 15:56:07,315 INFO  [Default Executor-thread-6990][com.twca.twid.gw.client.ApiClient] # restTemplate.okHttp3ClientHttpRequestFactory.destroy done
