2021-11-15 16:35:09.340 DEBUG [Default Executor-thread-411][APIAccessLogFilter][doFilter] RequestURI=/IDPortal/v1/auth.json
2021-11-15 16:35:09.342 DEBUG [Default Executor-thread-411][MidSDKProcess][processRequest] MidSDKProcess START
2021-11-15 16:35:09.342 DEBUG [Default Executor-thread-411][Code][initResultCodeAndReturnCodeNewType] code=0000
2021-11-15 16:35:09.343 DEBUG [Default Executor-thread-411][Code][initResultCodeAndReturnCodeNewType] message=成功
2021-11-15 16:35:09.343 DEBUG [Default Executor-thread-411][Code][initResultCodeAndReturnCodeNewType] new type code=0
2021-11-15 16:35:09.343 DEBUG [Default Executor-thread-411][MidSDKProcess][setTokenTimeout] tokenTimeoutParam=6000
2021-11-15 16:35:09.343 DEBUG [Default Executor-thread-411][MidSDKProcess][processRequest] MidSDKProcess 初始化成功
2021-11-15 16:35:09.343 DEBUG [Default Executor-thread-411][MidSDKProcess][processRequest] tokenTimeout=6000
2021-11-15 16:35:09.344 DEBUG [Default Executor-thread-411][MidSDKProcess][processRequest] MID_GATEWAY_URL=http://localhost:10034/idgw/mid
2021-11-15 16:35:09.344 DEBUG [Default Executor-thread-411][MidSDKProcess][processRequest] retell_period=60
2021-11-15 16:35:09.345 DEBUG [Default Executor-thread-411][OrderedData][parseInput] ver=1.0
2021-11-15 16:35:09.345 DEBUG [Default Executor-thread-411][OrderedData][parseInput] reqType=Authorize
2021-11-15 16:35:09.345 DEBUG [Default Executor-thread-411][OrderedData][parseInput] reqId=8379424501
2021-11-15 16:35:09.345 DEBUG [Default Executor-thread-411][OrderedData][parseInput] reqSeq=0116369648857280010000
2021-11-15 16:35:09.346 DEBUG [Default Executor-thread-411][OrderedData][parseInput] payload=y0SVx9MC_6S7LrvfPD6nW8H_n3DrLV6ihmVh6v3sOXbqAxu1w3VnNHOeb4mI35IGrCpcU33juHqgxxo1ve6xpikQ19WyJ93v_3IMT-nnwHaSTLtwF9vXjKxJtUOVkDsajb1sWRJDiJAsGNUiEzVoVEl_E0VaTnwzcJmU2OmjAa7_E7HzEzOIdHvEo_fgcsUDolHAlr3-4Z552ArtPCPz9-yiMG50QjlX1cwbdMIls7N_Jsp0F52N4iKzH-LpMhQ_uejC392KlyGJG7wuHVyGNtwKMffumz-K808R1qp5E5F6dcu6sNrfPlA9B883fyk4B0ZW8MAsl3Eep5w71dFLjqdT8cc6rlQDMGJYNkF3xmPfmVehIeIAaTFgQbIy9kr2SUy_2KVdRjJ4wSwPcVPvmoN3dSHkDaHW3DBaQNLtWv5Ug27fzRfZVKjdT9N7wETgSabaC-dTRdvrRQV357lcCHmXg9XyEmWmWxapToWzj9fg2tv7qq1fjc9Y4sS2xFjlxv2-Ul1mCjw86EBo_9w-aGDWn3XZ-L5oeXwd9NMheBHYdUDN4UboEIEr9Y8Xjl9eNOIdj0hRJ6sxao0Y0-nJtQ
2021-11-15 16:35:09.346 DEBUG [Default Executor-thread-411][OrderedData][parseInput] mac=CzPXq-QTC_Ry836vHbzHOt0w_Wnot-ovRbSrNQ7TkGk
2021-11-15 16:35:09.381 DEBUG [Default Executor-thread-411][MobileIDService][getProperMIDServiceAction] reqType: Authorize
2021-11-15 16:35:09.381 DEBUG [Default Executor-thread-411][MIDServiceAction][initState] SelectCaType=9
2021-11-15 16:35:09.389 DEBUG [Default Executor-thread-411][JSONUtil][transformIntoXwwwFormUrlencoded] transformedResult=ver=1.0&businessNo=83794245&idType=9&tokenId=14eb5e1f382b47218977a1c897879e70ebdaf58e&payload=y0SVx9MC_6S7LrvfPD6nW8H_n3DrLV6ihmVh6v3sOXbqAxu1w3VnNHOeb4mI35IGrCpcU33juHqgxxo1ve6xpikQ19WyJ93v_3IMT-nnwHaSTLtwF9vXjKxJtUOVkDsajb1sWRJDiJAsGNUiEzVoVEl_E0VaTnwzcJmU2OmjAa7_E7HzEzOIdHvEo_fgcsUDolHAlr3-4Z552ArtPCPz9-yiMG50QjlX1cwbdMIls7N_Jsp0F52N4iKzH-LpMhQ_uejC392KlyGJG7wuHVyGNtwKMffumz-K808R1qp5E5F6dcu6sNrfPlA9B883fyk4B0ZW8MAsl3Eep5w71dFLjqdT8cc6rlQDMGJYNkF3xmPfmVehIeIAaTFgQbIy9kr2SUy_2KVdRjJ4wSwPcVPvmoN3dSHkDaHW3DBaQNLtWv5Ug27fzRfZVKjdT9N7wETgSabaC-dTRdvrRQV357lcCHmXg9XyEmWmWxapToWzj9fg2tv7qq1fjc9Y4sS2xFjlxv2-Ul1mCjw86EBo_9w-aGDWn3XZ-L5oeXwd9NMheBHYdUDN4UboEIEr9Y8Xjl9eNOIdj0hRJ6sxao0Y0-nJtQ&platBusinessNo=&reqType=Authorize&verifyNo=RICB20211116275746&userAgent=&reqSeq=0116369648857280010000&mac=CzPXq-QTC_Ry836vHbzHOt0w_Wnot-ovRbSrNQ7TkGk&reqId=8379424501
2021-11-15 16:35:09.391 DEBUG [Default Executor-thread-411][JSONUtil][getJSONObjUsingHttpPost] Request method: POST
2021-11-15 16:35:09.392 DEBUG [Default Executor-thread-411][JSONUtil][getJSONObjUsingHttpPost] Request property Content-Type: application/x-www-form-urlencoded; charset=utf-8
2021-11-15 16:35:10.648 DEBUG [Default Executor-thread-411][JSONUtil][getJSONObjUsingHttpPost] Server response={"code":"0000","fullcode":"0","message":"success","msisdn":"0972000111","reqSeq":"0116369648857280010000","rspSeq":"1513905","rspTime":"2021-11-15T08:35:10Z","srvCode":"364","tokenId":"14eb5e1f382b47218977a1c897879e70ebdaf58e"}
2021-11-15 16:35:10.674 DEBUG [Default Executor-thread-411][ErrMsgDescTransformer][getMappedErrCodeDescription] serviceErrCode=0000
2021-11-15 16:35:10.675 DEBUG [Default Executor-thread-411][ErrMsgDescTransformer][getMappedErrCodeDescription] orginalErrorCodeDescription=success
2021-11-15 16:35:10.675 DEBUG [Default Executor-thread-411][ErrMsgDescTransformer][getMappedErrCodeDescription] errorCodeDescription=身分驗證成功。
2021-11-15 16:35:10.675 DEBUG [Default Executor-thread-411][MidSDKProcess][processRequest] finalResponse={"fullcode":"0","srvCode":"364","rspSeq":"1513905","code":"0000","tokenId":"14eb5e1f382b47218977a1c897879e70ebdaf58e","rspTime":"2021-11-15T08:35:10Z","message":"身分驗證成功。(0000-0000)","msisdn":"0972000111","reqSeq":"0116369648857280010000"}
2021-11-15 16:35:10.678 DEBUG [Default Executor-thread-411][APIAccessLogManager][lambda$writeAPIAccessLog$0] Write APIAccessLog for MID_SDK_MIDGateway successfully.
2021-11-15 16:35:10.680 DEBUG [Default Executor-thread-411][APIAccessLogManager][lambda$writeAPIAccessLog$0] Write APIAccessLog for MID_SDK_AAA successfully.
2021-11-15 16:35:10.682 DEBUG [Default Executor-thread-411][APIAccessLogManager][lambda$writeAPIAccessLog$0] Write APIAccessLog for MID_SDK_MidSDKProcess successfully.
2021-11-15 16:35:42.393 DEBUG [Default Executor-thread-444][APIAccessLogFilter][doFilter] RequestURI=/IDPortal/v1/auth.json
2021-11-15 16:35:42.394 DEBUG [Default Executor-thread-444][MidSDKProcess][processRequest] MidSDKProcess START
2021-11-15 16:35:42.394 DEBUG [Default Executor-thread-444][Code][initResultCodeAndReturnCodeNewType] code=0000
2021-11-15 16:35:42.394 DEBUG [Default Executor-thread-444][Code][initResultCodeAndReturnCodeNewType] message=成功
2021-11-15 16:35:42.395 DEBUG [Default Executor-thread-444][Code][initResultCodeAndReturnCodeNewType] new type code=0
2021-11-15 16:35:42.395 DEBUG [Default Executor-thread-444][MidSDKProcess][setTokenTimeout] tokenTimeoutParam=6000
2021-11-15 16:35:42.395 DEBUG [Default Executor-thread-444][MidSDKProcess][processRequest] MidSDKProcess 初始化成功
2021-11-15 16:35:42.395 DEBUG [Default Executor-thread-444][MidSDKProcess][processRequest] tokenTimeout=6000
2021-11-15 16:35:42.395 DEBUG [Default Executor-thread-444][MidSDKProcess][processRequest] MID_GATEWAY_URL=http://localhost:10034/idgw/mid
2021-11-15 16:35:42.395 DEBUG [Default Executor-thread-444][MidSDKProcess][processRequest] retell_period=60
2021-11-15 16:35:42.396 DEBUG [Default Executor-thread-444][OrderedData][parseInput] ver=1.0
2021-11-15 16:35:42.397 DEBUG [Default Executor-thread-444][OrderedData][parseInput] reqType=Authorize
2021-11-15 16:35:42.397 DEBUG [Default Executor-thread-444][OrderedData][parseInput] reqId=8379424501
2021-11-15 16:35:42.397 DEBUG [Default Executor-thread-444][OrderedData][parseInput] reqSeq=0116369648857280010000
2021-11-15 16:35:42.397 DEBUG [Default Executor-thread-444][OrderedData][parseInput] payload=Kye51OPIdoHMh3PmCNlupp3bv-lrkHKDLCJTMiEeMfhbM_oJA12Vj6G4-c3FeuPznwzPLJQUurqIO1hu_qU-iN8B5TDiEGiTT-HjiiEXg3LXJ8TLQtE4i7PRIGNb9g6OX2twWNfBe3JLz1vM0cyq5abf-uOh6I5R8RjoI8h5kAO7Q66ReaByJy28EEvwokcbKEeBFPW9JsYfRx_Vp7PTd3l3iuhALlZ5CUl4LQXF5a-mnq2w4rexKa8OFzXu8HzOmWO8XLcoa1DYvuVMbUpB2-Ff6Z3djU8w9-VdCdPNob8U-fjpwPLJ6Ysc7QkDylIu7r_Mpzd3-_rH-7itYCingFHePEapQkjFPaBxsJdcx8yMv9hVRcjFbWOvSzCrlGUbSqVgm1FW5aoVHHUIZiCH1zYRA9Ms1X_pzEU-So9Pw1YTYOz1VYtkmHTDVsP6mfiO-odVMVtrlgVyE4Rq917b-qv9l1dHtpshk5owVWJXlrRJDT5HdZuUZiagYgjS2exV4ParquzrewarS_DUVWy6mxACu_fGMnAcYfd-NTZ3mZW96CWF-SV--GhprDr5O6mmqfZXtfmiTBr_1toZvHt5wQ
2021-11-15 16:35:42.398 DEBUG [Default Executor-thread-444][OrderedData][parseInput] mac=ljAfEIeXi7XRWL3aUeL4Lw55YAbpaAa8HnkEWDxnWCM
2021-11-15 16:35:42.425 INFO  [Default Executor-thread-444][MidSDKProcess][processRequest] Retell mode. Get the result from DB record directly.
2021-11-15 16:35:42.425 DEBUG [Default Executor-thread-444][Code][initResultCodeAndReturnCodeNewType] code=0000
2021-11-15 16:35:42.425 DEBUG [Default Executor-thread-444][Code][initResultCodeAndReturnCodeNewType] message=成功
2021-11-15 16:35:42.425 DEBUG [Default Executor-thread-444][Code][initResultCodeAndReturnCodeNewType] new type code=0
2021-11-15 16:35:42.426 DEBUG [Default Executor-thread-444][ErrMsgDescTransformer][getMappedErrCodeDescription] serviceErrCode=0000
2021-11-15 16:35:42.426 DEBUG [Default Executor-thread-444][ErrMsgDescTransformer][getMappedErrCodeDescription] orginalErrorCodeDescription=success
2021-11-15 16:35:42.426 DEBUG [Default Executor-thread-444][ErrMsgDescTransformer][getMappedErrCodeDescription] errorCodeDescription=身分驗證成功。
2021-11-15 16:35:42.427 DEBUG [Default Executor-thread-444][MidSDKProcess][processRequest] finalResponse={"fullcode":"0","srvCode":"364","rspSeq":"1513905","code":"0000","tokenId":"14eb5e1f382b47218977a1c897879e70ebdaf58e","rspTime":"2021-11-15T08:35:10Z","message":"身分驗證成功。(0000-0000)","msisdn":"0972000111","reqSeq":"0116369648857280010000"}
2021-11-15 16:35:42.431 DEBUG [Default Executor-thread-444][APIAccessLogManager][lambda$writeAPIAccessLog$0] Write APIAccessLog for MID_SDK_MidSDKProcess successfully.







2021-11-15 16:39:31.201 DEBUG [Default Executor-thread-567][APIAccessLogFilter][doFilter] RequestURI=/IDPortal/QueryVerifyResult
2021-11-15 16:39:31.210 INFO  [Default Executor-thread-567][QueryVerifyResult][processRequest] QueryVerifyResult START
2021-11-15 16:39:31.210 INFO  [Default Executor-thread-567][QueryVerifyResult][processRequest] isPKCS7Token=false
2021-11-15 16:39:31.211 DEBUG [Default Executor-thread-567][Code][initResultCodeAndReturnCodeNewType] code=0000
2021-11-15 16:39:31.211 DEBUG [Default Executor-thread-567][Code][initResultCodeAndReturnCodeNewType] message=成功
2021-11-15 16:39:31.211 DEBUG [Default Executor-thread-567][Code][initResultCodeAndReturnCodeNewType] new type code=0
2021-11-15 16:39:31.212 DEBUG [Default Executor-thread-567][CommonUtil][getParameter] request.getParameter(BusinessNo)=83794245
2021-11-15 16:39:31.212 DEBUG [Default Executor-thread-567][CommonUtil][getParameter] request.getParameter(HashKeyNo)=1
2021-11-15 16:39:31.212 DEBUG [Default Executor-thread-567][CommonUtil][getParameter] request.getParameter(IdentifyNo)=c8d16bbd7de253a27ba7da22ce4c25748d954b0f74d6188ae01fbe73d56b63f6
2021-11-15 16:39:31.212 DEBUG [Default Executor-thread-567][CommonUtil][getParameter] request.getParameter(PlatBusinessNo)=
2021-11-15 16:39:31.213 DEBUG [Default Executor-thread-567][CommonUtil][getParameter] request.getParameter(PlatHashKeyNo)=
2021-11-15 16:39:31.213 DEBUG [Default Executor-thread-567][CommonUtil][getParameter] request.getParameter(PlatIdentifyNo)=
2021-11-15 16:39:31.213 INFO  [Default Executor-thread-567][IdentifyNoManagerFactory][getIdentifyNoManager] The real identifyNoManager=OnsiteIdentifyNoManager
2021-11-15 16:39:31.222 DEBUG [Default Executor-thread-567][OrderedData][parseInput] BusinessNo=83794245
2021-11-15 16:39:31.223 DEBUG [Default Executor-thread-567][OrderedData][parseInput] ApiVersion=1.0
2021-11-15 16:39:31.223 DEBUG [Default Executor-thread-567][OrderedData][parseInput] HashKeyNo=1
2021-11-15 16:39:31.223 DEBUG [Default Executor-thread-567][OrderedData][parseInput] VerifyNo=RICB20211116275746
2021-11-15 16:39:31.223 DEBUG [Default Executor-thread-567][OrderedData][parseInput] MemberNo=P185207579
2021-11-15 16:39:31.224 DEBUG [Default Executor-thread-567][OrderedData][parseInput] Token=14eb5e1f382b47218977a1c897879e70ebdaf58e
2021-11-15 16:39:31.224 DEBUG [Default Executor-thread-567][OrderedData][parseInput] IdentifyNo=c8d16bbd7de253a27ba7da22ce4c25748d954b0f74d6188ae01fbe73d56b63f6
2021-11-15 16:39:31.224 DEBUG [Default Executor-thread-567][OrderedData][parseInput] PlatBusinessNo=
2021-11-15 16:39:31.224 DEBUG [Default Executor-thread-567][OrderedData][parseInput] PlatHashKeyNo=
2021-11-15 16:39:31.224 DEBUG [Default Executor-thread-567][OrderedData][parseInput] PlatIdentifyNo=
2021-11-15 16:39:31.252 DEBUG [Default Executor-thread-567][StandardQueryManagerV2][getAllRecord] 取得 SIGN 交易紀錄
2021-11-15 16:39:31.252 DEBUG [Default Executor-thread-567][StandardQueryManagerV2][getAllRecord] 取得 MID 交易紀錄
2021-11-15 16:39:31.256 DEBUG [Default Executor-thread-567][Code][getFinalErrCodeByType] Login ErrorCodeType=1
2021-11-15 16:39:31.257 DEBUG [Default Executor-thread-567][Code][getFinalErrCodeByType] Successfully result
2021-11-15 16:39:31.257 DEBUG [Default Executor-thread-567][Code][getFinalErrCodeByType] final err code=0, err msg=成功
2021-11-15 16:39:31.282 INFO  [Default Executor-thread-567][QueryVerifyResult][processRequest] QueryVerifyResult return code=0000
2021-11-15 16:39:31.283 INFO  [Default Executor-thread-567][QueryVerifyResult][processRequest] QueryVerifyResult return new type code=0
2021-11-15 16:39:31.283 INFO  [Default Executor-thread-567][QueryVerifyResult][processRequest] QueryVerifyResult return message=成功
2021-11-15 16:39:31.283 INFO  [Default Executor-thread-567][QueryVerifyResult][processRequest] Token=14eb5e1f382b47218977a1c897879e70ebdaf58e
2021-11-15 16:39:31.283 DEBUG [Default Executor-thread-567][QueryVerifyResult][processRequest] QueryVerifyResult reponse={"BusinessNo":"83794245","ApiVersion":"1.0","HashKeyNo":"1","VerifyNo":"RICB20211116275746","ResultCode":"S","ReturnCode":"0","ReturnCodeDesc":"成功","IdentifyNo":"3a671076dbb40011c87d9b581f16507bd09322ee0ff29b19f6a06a9a632c387e","OutputParams":"{\"Action\":\"SIGN\",\"SelectType\":\"9\",\"VerifyTime\":\"2021/11/15 16:35:10\",\"Plaintext\":\"P185207579\",\"MIDParams\":{\"MIDResp\":\"{\\\"fullcode\\\":\\\"0\\\",\\\"srvCode\\\":\\\"364\\\",\\\"rspSeq\\\":\\\"1513905\\\",\\\"code\\\":\\\"0000\\\",\\\"tokenId\\\":\\\"14eb5e1f382b47218977a1c897879e70ebdaf58e\\\",\\\"rspTime\\\":\\\"2021-11-15T08:35:10Z\\\",\\\"message\\\":\\\"success\\\",\\\"msisdn\\\":\\\"0972000111\\\",\\\"reqSeq\\\":\\\"0116369648857280010000\\\"}\",\"VerifyCode\":\"0000\",\"VerifyMsg\":\"成功\"}}"}
2021-11-15 16:39:31.285 INFO  [Default Executor-thread-567][QueryVerifyResult][processRequest] QueryVerifyResult END
2021-11-15 16:39:31.289 DEBUG [Default Executor-thread-567][APIAccessLogManager][lambda$writeAPIAccessLog$0] Write APIAccessLog for QueryVerifyResult successfully.
